<?xml version="1.0" encoding="UTF-8"?>
<testng-results skipped="2" failed="1" ignored="0" total="19" passed="16">
  <reporter-output>
  </reporter-output>
  <suite name="TestNG Session Test Automation Suite" duration-ms="56298" started-at="2019-02-07T11:48:48Z" finished-at="2019-02-07T11:49:44Z">
    <groups>
      <group name="link">
        <method signature="GoogleTest.mailLinkTest()[pri:3, instance:com.test.GoogleTest@2bbf4b8b]" name="mailLinkTest" class="com.test.GoogleTest"/>
      </group> <!-- link -->
      <group name="Title">
        <method signature="GoogleTest.googleTestTitle()[pri:1, instance:com.test.GoogleTest@2bbf4b8b]" name="googleTestTitle" class="com.test.GoogleTest"/>
      </group> <!-- Title -->
      <group name="logo">
        <method signature="GoogleTest.googlelogoTest()[pri:2, instance:com.test.GoogleTest@2bbf4b8b]" name="googlelogoTest" class="com.test.GoogleTest"/>
      </group> <!-- logo -->
    </groups>
    <test name="Different Testng feature Test" duration-ms="56298" started-at="2019-02-07T11:48:48Z" finished-at="2019-02-07T11:49:44Z">
      <class name="com.test.TestNGBasics">
        <test-method status="PASS" signature="setUp()[pri:0, instance:com.test.TestNGBasics@7a1ebcd8]" name="setUp" is-config="true" duration-ms="15" started-at="2019-02-07T11:48:48Z" finished-at="2019-02-07T11:48:48Z">
          <reporter-output>
          </reporter-output>
        </test-method> <!-- setUp -->
        <test-method status="PASS" signature="launchBrowser()[pri:0, instance:com.test.TestNGBasics@7a1ebcd8]" name="launchBrowser" is-config="true" duration-ms="5" started-at="2019-02-07T11:48:48Z" finished-at="2019-02-07T11:48:48Z">
          <reporter-output>
          </reporter-output>
        </test-method> <!-- launchBrowser -->
        <test-method status="PASS" signature="login()[pri:0, instance:com.test.TestNGBasics@7a1ebcd8]" name="login" is-config="true" duration-ms="0" started-at="2019-02-07T11:48:48Z" finished-at="2019-02-07T11:48:48Z">
          <reporter-output>
          </reporter-output>
        </test-method> <!-- login -->
        <test-method status="PASS" signature="enterURL()[pri:0, instance:com.test.TestNGBasics@7a1ebcd8]" name="enterURL" is-config="true" duration-ms="0" started-at="2019-02-07T11:48:48Z" finished-at="2019-02-07T11:48:48Z">
          <reporter-output>
          </reporter-output>
        </test-method> <!-- enterURL -->
        <test-method status="PASS" signature="googleLogoTest()[pri:0, instance:com.test.TestNGBasics@7a1ebcd8]" name="googleLogoTest" duration-ms="10" started-at="2019-02-07T11:48:48Z" finished-at="2019-02-07T11:48:48Z">
          <reporter-output>
          </reporter-output>
        </test-method> <!-- googleLogoTest -->
        <test-method status="PASS" signature="googleSearchTest()[pri:0, instance:com.test.TestNGBasics@7a1ebcd8]" name="googleSearchTest" duration-ms="5" started-at="2019-02-07T11:48:48Z" finished-at="2019-02-07T11:48:48Z">
          <reporter-output>
          </reporter-output>
        </test-method> <!-- googleSearchTest -->
        <test-method status="PASS" signature="logout()[pri:0, instance:com.test.TestNGBasics@7a1ebcd8]" name="logout" is-config="true" duration-ms="0" started-at="2019-02-07T11:48:48Z" finished-at="2019-02-07T11:48:48Z">
          <reporter-output>
          </reporter-output>
        </test-method> <!-- logout -->
        <test-method status="PASS" signature="enterURL()[pri:0, instance:com.test.TestNGBasics@7a1ebcd8]" name="enterURL" is-config="true" duration-ms="0" started-at="2019-02-07T11:48:48Z" finished-at="2019-02-07T11:48:48Z">
          <reporter-output>
          </reporter-output>
        </test-method> <!-- enterURL -->
        <test-method status="PASS" signature="logout()[pri:0, instance:com.test.TestNGBasics@7a1ebcd8]" name="logout" is-config="true" duration-ms="0" started-at="2019-02-07T11:48:48Z" finished-at="2019-02-07T11:48:48Z">
          <reporter-output>
          </reporter-output>
        </test-method> <!-- logout -->
        <test-method status="PASS" signature="googleTitleTest()[pri:0, instance:com.test.TestNGBasics@7a1ebcd8]" name="googleTitleTest" duration-ms="5" started-at="2019-02-07T11:48:48Z" finished-at="2019-02-07T11:48:48Z">
          <reporter-output>
          </reporter-output>
        </test-method> <!-- googleTitleTest -->
        <test-method status="PASS" signature="enterURL()[pri:0, instance:com.test.TestNGBasics@7a1ebcd8]" name="enterURL" is-config="true" duration-ms="0" started-at="2019-02-07T11:48:48Z" finished-at="2019-02-07T11:48:48Z">
          <reporter-output>
          </reporter-output>
        </test-method> <!-- enterURL -->
        <test-method status="PASS" signature="deleteAllCookies()[pri:0, instance:com.test.TestNGBasics@7a1ebcd8]" name="deleteAllCookies" is-config="true" duration-ms="0" started-at="2019-02-07T11:48:48Z" finished-at="2019-02-07T11:48:48Z">
          <reporter-output>
          </reporter-output>
        </test-method> <!-- deleteAllCookies -->
        <test-method status="PASS" signature="logout()[pri:0, instance:com.test.TestNGBasics@7a1ebcd8]" name="logout" is-config="true" duration-ms="0" started-at="2019-02-07T11:48:48Z" finished-at="2019-02-07T11:48:48Z">
          <reporter-output>
          </reporter-output>
        </test-method> <!-- logout -->
        <test-method status="PASS" signature="closeBrowser()[pri:0, instance:com.test.TestNGBasics@7a1ebcd8]" name="closeBrowser" is-config="true" duration-ms="0" started-at="2019-02-07T11:49:44Z" finished-at="2019-02-07T11:49:44Z">
          <reporter-output>
          </reporter-output>
        </test-method> <!-- closeBrowser -->
        <test-method status="PASS" signature="generateTestReport()[pri:0, instance:com.test.TestNGBasics@7a1ebcd8]" name="generateTestReport" is-config="true" duration-ms="1" started-at="2019-02-07T11:49:49Z" finished-at="2019-02-07T11:49:49Z">
          <reporter-output>
          </reporter-output>
        </test-method> <!-- generateTestReport -->
      </class> <!-- com.test.TestNGBasics -->
      <class name="com.test.TestngFeature">
        <test-method status="FAIL" signature="loginTest()[pri:0, instance:com.test.TestngFeature@5faeada1]" name="loginTest" duration-ms="0" started-at="2019-02-07T11:48:48Z" finished-at="2019-02-07T11:48:48Z">
          <exception class="java.lang.ArithmeticException">
            <message>
              <![CDATA[/ by zero]]>
            </message>
            <full-stacktrace>
              <![CDATA[java.lang.ArithmeticException: / by zero
at com.test.TestngFeature.loginTest(TestngFeature.java:10)
at sun.reflect.NativeMethodAccessorImpl.invoke0(Native Method)
at sun.reflect.NativeMethodAccessorImpl.invoke(Unknown Source)
at sun.reflect.DelegatingMethodAccessorImpl.invoke(Unknown Source)
at java.lang.reflect.Method.invoke(Unknown Source)
at org.testng.internal.MethodInvocationHelper.invokeMethod(MethodInvocationHelper.java:124)
at org.testng.internal.Invoker.invokeMethod(Invoker.java:580)
at org.testng.internal.Invoker.invokeTestMethod(Invoker.java:716)
at org.testng.internal.Invoker.invokeTestMethods(Invoker.java:988)
at org.testng.internal.TestMethodWorker.invokeTestMethods(TestMethodWorker.java:125)
at org.testng.internal.TestMethodWorker.run(TestMethodWorker.java:109)
at org.testng.TestRunner.privateRun(TestRunner.java:648)
at org.testng.TestRunner.run(TestRunner.java:505)
at org.testng.SuiteRunner.runTest(SuiteRunner.java:455)
at org.testng.SuiteRunner.runSequentially(SuiteRunner.java:450)
at org.testng.SuiteRunner.privateRun(SuiteRunner.java:415)
at org.testng.SuiteRunner.run(SuiteRunner.java:364)
at org.testng.SuiteRunnerWorker.runSuite(SuiteRunnerWorker.java:52)
at org.testng.SuiteRunnerWorker.run(SuiteRunnerWorker.java:84)
at org.testng.TestNG.runSuitesSequentially(TestNG.java:1208)
at org.testng.TestNG.runSuitesLocally(TestNG.java:1137)
at org.testng.TestNG.runSuites(TestNG.java:1049)
at org.testng.TestNG.run(TestNG.java:1017)
at org.testng.remote.AbstractRemoteTestNG.run(AbstractRemoteTestNG.java:114)
at org.testng.remote.RemoteTestNG.initAndRun(RemoteTestNG.java:251)
at org.testng.remote.RemoteTestNG.main(RemoteTestNG.java:77)
]]>
            </full-stacktrace>
          </exception> <!-- java.lang.ArithmeticException -->
          <reporter-output>
          </reporter-output>
        </test-method> <!-- loginTest -->
        <test-method status="SKIP" signature="RegPageTest()[pri:0, instance:com.test.TestngFeature@5faeada1]" name="RegPageTest" duration-ms="0" started-at="2019-02-07T11:48:48Z" depends-on-methods="com.test.TestngFeature.loginTest" finished-at="2019-02-07T11:48:48Z">
          <exception class="java.lang.Throwable">
            <message>
              <![CDATA[Method TestngFeature.RegPageTest()[pri:0, instance:com.test.TestngFeature@5faeada1] depends on not successfully finished methods]]>
            </message>
            <full-stacktrace>
              <![CDATA[java.lang.Throwable: Method TestngFeature.RegPageTest()[pri:0, instance:com.test.TestngFeature@5faeada1] depends on not successfully finished methods
at org.testng.internal.Invoker.invokeTestMethods(Invoker.java:887)
at org.testng.internal.TestMethodWorker.invokeTestMethods(TestMethodWorker.java:125)
at org.testng.internal.TestMethodWorker.run(TestMethodWorker.java:109)
at org.testng.TestRunner.privateRun(TestRunner.java:648)
at org.testng.TestRunner.run(TestRunner.java:505)
at org.testng.SuiteRunner.runTest(SuiteRunner.java:455)
at org.testng.SuiteRunner.runSequentially(SuiteRunner.java:450)
at org.testng.SuiteRunner.privateRun(SuiteRunner.java:415)
at org.testng.SuiteRunner.run(SuiteRunner.java:364)
at org.testng.SuiteRunnerWorker.runSuite(SuiteRunnerWorker.java:52)
at org.testng.SuiteRunnerWorker.run(SuiteRunnerWorker.java:84)
at org.testng.TestNG.runSuitesSequentially(TestNG.java:1208)
at org.testng.TestNG.runSuitesLocally(TestNG.java:1137)
at org.testng.TestNG.runSuites(TestNG.java:1049)
at org.testng.TestNG.run(TestNG.java:1017)
at org.testng.remote.AbstractRemoteTestNG.run(AbstractRemoteTestNG.java:114)
at org.testng.remote.RemoteTestNG.initAndRun(RemoteTestNG.java:251)
at org.testng.remote.RemoteTestNG.main(RemoteTestNG.java:77)
]]>
            </full-stacktrace>
          </exception> <!-- java.lang.Throwable -->
          <reporter-output>
          </reporter-output>
        </test-method> <!-- RegPageTest -->
        <test-method status="SKIP" signature="SearchPageTest()[pri:0, instance:com.test.TestngFeature@5faeada1]" name="SearchPageTest" duration-ms="0" started-at="2019-02-07T11:48:48Z" depends-on-methods="com.test.TestngFeature.loginTest" finished-at="2019-02-07T11:48:48Z">
          <exception class="java.lang.Throwable">
            <message>
              <![CDATA[Method TestngFeature.SearchPageTest()[pri:0, instance:com.test.TestngFeature@5faeada1] depends on not successfully finished methods]]>
            </message>
            <full-stacktrace>
              <![CDATA[java.lang.Throwable: Method TestngFeature.SearchPageTest()[pri:0, instance:com.test.TestngFeature@5faeada1] depends on not successfully finished methods
at org.testng.internal.Invoker.invokeTestMethods(Invoker.java:887)
at org.testng.internal.TestMethodWorker.invokeTestMethods(TestMethodWorker.java:125)
at org.testng.internal.TestMethodWorker.run(TestMethodWorker.java:109)
at org.testng.TestRunner.privateRun(TestRunner.java:648)
at org.testng.TestRunner.run(TestRunner.java:505)
at org.testng.SuiteRunner.runTest(SuiteRunner.java:455)
at org.testng.SuiteRunner.runSequentially(SuiteRunner.java:450)
at org.testng.SuiteRunner.privateRun(SuiteRunner.java:415)
at org.testng.SuiteRunner.run(SuiteRunner.java:364)
at org.testng.SuiteRunnerWorker.runSuite(SuiteRunnerWorker.java:52)
at org.testng.SuiteRunnerWorker.run(SuiteRunnerWorker.java:84)
at org.testng.TestNG.runSuitesSequentially(TestNG.java:1208)
at org.testng.TestNG.runSuitesLocally(TestNG.java:1137)
at org.testng.TestNG.runSuites(TestNG.java:1049)
at org.testng.TestNG.run(TestNG.java:1017)
at org.testng.remote.AbstractRemoteTestNG.run(AbstractRemoteTestNG.java:114)
at org.testng.remote.RemoteTestNG.initAndRun(RemoteTestNG.java:251)
at org.testng.remote.RemoteTestNG.main(RemoteTestNG.java:77)
]]>
            </full-stacktrace>
          </exception> <!-- java.lang.Throwable -->
          <reporter-output>
          </reporter-output>
        </test-method> <!-- SearchPageTest -->
      </class> <!-- com.test.TestngFeature -->
      <class name="com.test.GoogleTest">
        <test-method status="PASS" signature="setUp()[pri:0, instance:com.test.GoogleTest@2bbf4b8b]" name="setUp" is-config="true" duration-ms="13223" started-at="2019-02-07T11:48:48Z" finished-at="2019-02-07T11:49:01Z">
          <reporter-output>
          </reporter-output>
        </test-method> <!-- setUp -->
        <test-method status="PASS" signature="googleTestTitle()[pri:1, instance:com.test.GoogleTest@2bbf4b8b]" name="googleTestTitle" duration-ms="39" started-at="2019-02-07T11:49:01Z" finished-at="2019-02-07T11:49:01Z">
          <reporter-output>
          </reporter-output>
        </test-method> <!-- googleTestTitle -->
        <test-method status="PASS" signature="tearDown()[pri:0, instance:com.test.GoogleTest@2bbf4b8b]" name="tearDown" is-config="true" duration-ms="0" started-at="2019-02-07T11:49:01Z" finished-at="2019-02-07T11:49:01Z">
          <reporter-output>
          </reporter-output>
        </test-method> <!-- tearDown -->
        <test-method status="PASS" signature="setUp()[pri:0, instance:com.test.GoogleTest@2bbf4b8b]" name="setUp" is-config="true" duration-ms="27992" started-at="2019-02-07T11:49:01Z" finished-at="2019-02-07T11:49:29Z">
          <reporter-output>
          </reporter-output>
        </test-method> <!-- setUp -->
        <test-method status="PASS" signature="googlelogoTest()[pri:2, instance:com.test.GoogleTest@2bbf4b8b]" name="googlelogoTest" duration-ms="205" started-at="2019-02-07T11:49:29Z" finished-at="2019-02-07T11:49:30Z">
          <reporter-output>
          </reporter-output>
        </test-method> <!-- googlelogoTest -->
        <test-method status="PASS" signature="tearDown()[pri:0, instance:com.test.GoogleTest@2bbf4b8b]" name="tearDown" is-config="true" duration-ms="0" started-at="2019-02-07T11:49:30Z" finished-at="2019-02-07T11:49:30Z">
          <reporter-output>
          </reporter-output>
        </test-method> <!-- tearDown -->
        <test-method status="PASS" signature="setUp()[pri:0, instance:com.test.GoogleTest@2bbf4b8b]" name="setUp" is-config="true" duration-ms="14583" started-at="2019-02-07T11:49:30Z" finished-at="2019-02-07T11:49:44Z">
          <reporter-output>
          </reporter-output>
        </test-method> <!-- setUp -->
        <test-method status="PASS" signature="mailLinkTest()[pri:3, instance:com.test.GoogleTest@2bbf4b8b]" name="mailLinkTest" duration-ms="75" started-at="2019-02-07T11:49:44Z" finished-at="2019-02-07T11:49:44Z">
          <reporter-output>
          </reporter-output>
        </test-method> <!-- mailLinkTest -->
        <test-method status="PASS" signature="tearDown()[pri:0, instance:com.test.GoogleTest@2bbf4b8b]" name="tearDown" is-config="true" duration-ms="0" started-at="2019-02-07T11:49:44Z" finished-at="2019-02-07T11:49:44Z">
          <reporter-output>
          </reporter-output>
        </test-method> <!-- tearDown -->
      </class> <!-- com.test.GoogleTest -->
      <class name="com.test.InvocationCountTest">
        <test-method status="PASS" signature="sum()[pri:0, instance:com.test.InvocationCountTest@1563da5]" name="sum" duration-ms="5" started-at="2019-02-07T11:48:48Z" finished-at="2019-02-07T11:48:48Z">
          <reporter-output>
          </reporter-output>
        </test-method> <!-- sum -->
        <test-method status="PASS" signature="sum()[pri:0, instance:com.test.InvocationCountTest@1563da5]" name="sum" duration-ms="5" started-at="2019-02-07T11:48:48Z" finished-at="2019-02-07T11:48:48Z">
          <reporter-output>
          </reporter-output>
        </test-method> <!-- sum -->
        <test-method status="PASS" signature="sum()[pri:0, instance:com.test.InvocationCountTest@1563da5]" name="sum" duration-ms="5" started-at="2019-02-07T11:48:48Z" finished-at="2019-02-07T11:48:48Z">
          <reporter-output>
          </reporter-output>
        </test-method> <!-- sum -->
        <test-method status="PASS" signature="sum()[pri:0, instance:com.test.InvocationCountTest@1563da5]" name="sum" duration-ms="5" started-at="2019-02-07T11:48:48Z" finished-at="2019-02-07T11:48:48Z">
          <reporter-output>
          </reporter-output>
        </test-method> <!-- sum -->
        <test-method status="PASS" signature="sum()[pri:0, instance:com.test.InvocationCountTest@1563da5]" name="sum" duration-ms="5" started-at="2019-02-07T11:48:48Z" finished-at="2019-02-07T11:48:48Z">
          <reporter-output>
          </reporter-output>
        </test-method> <!-- sum -->
        <test-method status="PASS" signature="sum()[pri:0, instance:com.test.InvocationCountTest@1563da5]" name="sum" duration-ms="5" started-at="2019-02-07T11:48:48Z" finished-at="2019-02-07T11:48:48Z">
          <reporter-output>
          </reporter-output>
        </test-method> <!-- sum -->
        <test-method status="PASS" signature="sum()[pri:0, instance:com.test.InvocationCountTest@1563da5]" name="sum" duration-ms="5" started-at="2019-02-07T11:48:48Z" finished-at="2019-02-07T11:48:48Z">
          <reporter-output>
          </reporter-output>
        </test-method> <!-- sum -->
        <test-method status="PASS" signature="sum()[pri:0, instance:com.test.InvocationCountTest@1563da5]" name="sum" duration-ms="5" started-at="2019-02-07T11:48:48Z" finished-at="2019-02-07T11:48:48Z">
          <reporter-output>
          </reporter-output>
        </test-method> <!-- sum -->
        <test-method status="PASS" signature="sum()[pri:0, instance:com.test.InvocationCountTest@1563da5]" name="sum" duration-ms="0" started-at="2019-02-07T11:48:48Z" finished-at="2019-02-07T11:48:48Z">
          <reporter-output>
          </reporter-output>
        </test-method> <!-- sum -->
        <test-method status="PASS" signature="sum()[pri:0, instance:com.test.InvocationCountTest@1563da5]" name="sum" duration-ms="0" started-at="2019-02-07T11:48:48Z" finished-at="2019-02-07T11:48:48Z">
          <reporter-output>
          </reporter-output>
        </test-method> <!-- sum -->
      </class> <!-- com.test.InvocationCountTest -->
    </test> <!-- Different Testng feature Test -->
  </suite> <!-- TestNG Session Test Automation Suite -->
</testng-results>
